{
  "stats": {
    "suites": 1,
    "tests": 14,
    "passes": 10,
    "pending": 0,
    "failures": 4,
    "start": "2024-10-31T23:10:31.565Z",
    "end": "2024-10-31T23:10:36.163Z",
    "duration": 4598,
    "testsRegistered": 14,
    "passPercent": 71.42857142857143,
    "pendingPercent": 0,
    "other": 0,
    "hasOther": false,
    "skipped": 0,
    "hasSkipped": false
  },
  "results": [
    {
      "uuid": "08cd7489-5788-4ec8-9d14-f67719972b44",
      "title": "",
      "fullFile": "/Users/rajnishparmar/Documents/corti_api_test_task/api_test/test.js",
      "file": "/test.js",
      "beforeHooks": [],
      "afterHooks": [],
      "tests": [
        {
          "title": "Verify the 'POST' response code 200 for '/pet' route",
          "fullTitle": "Verify the 'POST' response code 200 for '/pet' route",
          "timedOut": false,
          "duration": 405,
          "state": "passed",
          "speed": "slow",
          "pass": true,
          "fail": false,
          "pending": false,
          "context": null,
          "code": "chai.request(baseURL)\n.post('/pet')\n.send(postData.createPet)\n.end(function(err,res){\n expect(res.statusCode).to.equal(200)\n expect(res)\n    if(err){\n        done(err);\n        }\n    done();\n})",
          "err": {},
          "uuid": "d01af9e6-45eb-4cd4-a9c4-481d4dc2d2ab",
          "parentUUID": "08cd7489-5788-4ec8-9d14-f67719972b44",
          "isHook": false,
          "skipped": false
        },
        {
          "title": "Verify the 'POST' response code 405 for '/pet' route",
          "fullTitle": "Verify the 'POST' response code 405 for '/pet' route",
          "timedOut": false,
          "duration": 344,
          "state": "failed",
          "speed": null,
          "pass": false,
          "fail": true,
          "pending": false,
          "context": null,
          "code": "chai.request(baseURL)\n.post('/pet')\n.send(postData.invalidinput)\n.end(function(err,res){\n expect(res.statusCode).to.equal(405)\n expect(res)\n    if(err){\n        done(err);\n        }\n    done();\n})",
          "err": {
            "message": "AssertionError: expected 500 to equal 405",
            "estack": "AssertionError: expected 500 to equal 405\n    at /Users/rajnishparmar/Documents/corti_api_test_task/api_test/test.js:51:36\n    at Request.callback (node_modules/superagent/lib/node/index.js:716:12)\n    at /Users/rajnishparmar/Documents/corti_api_test_task/api_test/node_modules/superagent/lib/node/index.js:916:18\n    at IncomingMessage.<anonymous> (node_modules/superagent/lib/node/parsers/json.js:19:7)\n    at IncomingMessage.emit (node:events:530:35)\n    at endReadableNT (node:internal/streams/readable:1698:12)\n    at process.processTicksAndRejections (node:internal/process/task_queues:90:21)",
            "diff": "- 500\n+ 405\n"
          },
          "uuid": "cdd208c9-e6ed-42af-8183-5f1dc8effd07",
          "parentUUID": "08cd7489-5788-4ec8-9d14-f67719972b44",
          "isHook": false,
          "skipped": false
        },
        {
          "title": "Verify the 'POST' response data for '/pet' route",
          "fullTitle": "Verify the 'POST' response data for '/pet' route",
          "timedOut": false,
          "duration": 288,
          "state": "passed",
          "speed": "slow",
          "pass": true,
          "fail": false,
          "pending": false,
          "context": null,
          "code": "chai.request(baseURL)\n.post('/pet')\n.send(postData.createPet)\n.end(function(err,res){\n expect(res.body).to.have.property('id');\n expect(res.body).to.have.property('category');\n expect(res.body).to.have.property('name');\n expect(res.body).to.have.property('photoUrls');\n expect(res.body).to.have.property('status');\n    if(err){\n        done(err);\n        }\n    done();\n})",
          "err": {},
          "uuid": "199a5a9e-c5ba-4bae-aa26-ceeb2031a514",
          "parentUUID": "08cd7489-5788-4ec8-9d14-f67719972b44",
          "isHook": false,
          "skipped": false
        },
        {
          "title": "Verify the 'POST' response data type for '/pet' route",
          "fullTitle": "Verify the 'POST' response data type for '/pet' route",
          "timedOut": false,
          "duration": 326,
          "state": "failed",
          "speed": null,
          "pass": false,
          "fail": true,
          "pending": false,
          "context": null,
          "code": "chai.request(baseURL)\n.post('/pet')\n.send(postData.createPet)\n.end(function(err,res){\nexpect(res.body.id).to.be.a('integer');\nexpect(res.body.category).to.be.a('object');\nexpect(res.body.name).to.be.a('string');\nexpect(res.body.photoUrls).to.be.a('array');\nexpect(res.body.tags).to.be.a('array');\nexpect(res.body.status).to.be.a('string');\n    if(err){\n        done(err);\n        }\n    done();\n})",
          "err": {
            "message": "AssertionError: expected 90 to be an integer",
            "estack": "AssertionError: expected 90 to be an integer\n    at /Users/rajnishparmar/Documents/corti_api_test_task/api_test/test.js:85:43\n    at Request.callback (node_modules/superagent/lib/node/index.js:716:12)\n    at /Users/rajnishparmar/Documents/corti_api_test_task/api_test/node_modules/superagent/lib/node/index.js:916:18\n    at IncomingMessage.<anonymous> (node_modules/superagent/lib/node/parsers/json.js:19:7)\n    at IncomingMessage.emit (node:events:530:35)\n    at endReadableNT (node:internal/streams/readable:1698:12)\n    at process.processTicksAndRejections (node:internal/process/task_queues:90:21)",
            "diff": null
          },
          "uuid": "7d74f269-2f57-4253-a168-c27491c6f7a0",
          "parentUUID": "08cd7489-5788-4ec8-9d14-f67719972b44",
          "isHook": false,
          "skipped": false
        },
        {
          "title": "Verify the GET response follows json schema for '/pet/pet_id' route ",
          "fullTitle": "Verify the GET response follows json schema for '/pet/pet_id' route ",
          "timedOut": false,
          "duration": 336,
          "state": "passed",
          "speed": "slow",
          "pass": true,
          "fail": false,
          "pending": false,
          "context": null,
          "code": "chai.request(baseURL)\n.get(`/pet/${postData.createPet.id}`)\n.end(function(err,res){\nexpect(res.body).to.be.jsonSchema(dataSchema.createPet.paths[\"/pet/{petId}\"]);\n    if(err){\n        done(err);\n        }\n    done();\n})",
          "err": {},
          "uuid": "30c4b82e-c250-4f8c-aa12-fcc6c4b64a2d",
          "parentUUID": "08cd7489-5788-4ec8-9d14-f67719972b44",
          "isHook": false,
          "skipped": false
        },
        {
          "title": "Verify the 'GET' response code 200 for '/pet/{pet_id}' route",
          "fullTitle": "Verify the 'GET' response code 200 for '/pet/{pet_id}' route",
          "timedOut": false,
          "duration": 333,
          "state": "passed",
          "speed": "slow",
          "pass": true,
          "fail": false,
          "pending": false,
          "context": null,
          "code": "chai.request(baseURL)\n.get(`/pet/${postData.createPet.id}`)\n.end(function(err,res){\n expect(res.statusCode).to.equal(200)\n expect(res)\n    if(err){\n        done(err);\n        }\n    done();\n})",
          "err": {},
          "uuid": "f17d5827-5564-4ffa-a95f-62c365eaf1b5",
          "parentUUID": "08cd7489-5788-4ec8-9d14-f67719972b44",
          "isHook": false,
          "skipped": false
        },
        {
          "title": "Verify the 'GET' response code 400 for '/pet/{pet_id}' route",
          "fullTitle": "Verify the 'GET' response code 400 for '/pet/{pet_id}' route",
          "timedOut": false,
          "duration": 340,
          "state": "passed",
          "speed": "slow",
          "pass": true,
          "fail": false,
          "pending": false,
          "context": null,
          "code": "chai.request(baseURL)\n.get('/pet/9999999999999')\n.end(function(err,res){\n expect(res.statusCode).to.equal(404)\n expect(res)\n    if(err){\n        done(err);\n        }\n    done();\n})",
          "err": {},
          "uuid": "b70fbe75-067f-4735-9af7-9f96d184f4d6",
          "parentUUID": "08cd7489-5788-4ec8-9d14-f67719972b44",
          "isHook": false,
          "skipped": false
        },
        {
          "title": "Verify the 'GET' response data for '/pet/{pet_id}' route",
          "fullTitle": "Verify the 'GET' response data for '/pet/{pet_id}' route",
          "timedOut": false,
          "duration": 296,
          "state": "passed",
          "speed": "slow",
          "pass": true,
          "fail": false,
          "pending": false,
          "context": null,
          "code": "chai.request(baseURL)\n.get(`/pet/${postData.createPet.id}`)\n.end(function(err,res){\n    expect(res.body).to.have.property('id');\n    expect(res.body).to.have.property('category');\n    expect(res.body).to.have.property('name');\n    expect(res.body).to.have.property('photoUrls');\n    expect(res.body).to.have.property('status');\n       if(err){\n           done(err);\n           }\n       done();\n   })",
          "err": {},
          "uuid": "89a311e6-92e0-42b3-a6af-25b26e4dc9b2",
          "parentUUID": "08cd7489-5788-4ec8-9d14-f67719972b44",
          "isHook": false,
          "skipped": false
        },
        {
          "title": "Verify the 'GET' response type for '/pet/{pet_id}' route",
          "fullTitle": "Verify the 'GET' response type for '/pet/{pet_id}' route",
          "timedOut": false,
          "duration": 300,
          "state": "failed",
          "speed": null,
          "pass": false,
          "fail": true,
          "pending": false,
          "context": null,
          "code": "chai.request(baseURL)\n.get(`/pet/${postData.createPet.id}`)\n.end(function(err,res){\n    expect(res.body.id).to.be.a('integer');\n    expect(res.body.category).to.be.a('object');\n    expect(res.body.name).to.be.a('string');\n    expect(res.body.photoUrls).to.be.a('array');\n    expect(res.body.tags).to.be.a('array');\n    expect(res.body.status).to.be.a('string');\n       if(err){\n           done(err);\n           }\n       done();\n   })",
          "err": {
            "message": "AssertionError: expected 90 to be an integer",
            "estack": "AssertionError: expected 90 to be an integer\n    at /Users/rajnishparmar/Documents/corti_api_test_task/api_test/test.js:158:43\n    at Request.callback (node_modules/superagent/lib/node/index.js:716:12)\n    at /Users/rajnishparmar/Documents/corti_api_test_task/api_test/node_modules/superagent/lib/node/index.js:916:18\n    at IncomingMessage.<anonymous> (node_modules/superagent/lib/node/parsers/json.js:19:7)\n    at IncomingMessage.emit (node:events:530:35)\n    at endReadableNT (node:internal/streams/readable:1698:12)\n    at process.processTicksAndRejections (node:internal/process/task_queues:90:21)",
            "diff": null
          },
          "uuid": "99fe87ea-7b68-4f2b-9127-78d9eed2de22",
          "parentUUID": "08cd7489-5788-4ec8-9d14-f67719972b44",
          "isHook": false,
          "skipped": false
        },
        {
          "title": "Verify the PUT response follows json schema for '/pet' route ",
          "fullTitle": "Verify the PUT response follows json schema for '/pet' route ",
          "timedOut": false,
          "duration": 287,
          "state": "passed",
          "speed": "slow",
          "pass": true,
          "fail": false,
          "pending": false,
          "context": null,
          "code": "chai.request(baseURL)\n.put(`/pet`)\n.send(postData.editPet)\n.end(function(err,res){\nexpect(res.body).to.be.jsonSchema(dataSchema.createPet.paths[\"/pet\"]);\n    if(err){\n        done(err);\n        }\n    done();\n})",
          "err": {},
          "uuid": "64c0c0eb-04ad-43bb-a189-87c2b2ee18c6",
          "parentUUID": "08cd7489-5788-4ec8-9d14-f67719972b44",
          "isHook": false,
          "skipped": false
        },
        {
          "title": "Verify the PUT response data with new data for '/pet' route ",
          "fullTitle": "Verify the PUT response data with new data for '/pet' route ",
          "timedOut": false,
          "duration": 319,
          "state": "passed",
          "speed": "slow",
          "pass": true,
          "fail": false,
          "pending": false,
          "context": null,
          "code": "chai.request(baseURL)\n.put(`/pet`)\n.send(postData.editPet)\n.end(function(err,res){\nexpect(res.body.status).to.equal(\"pending\");\n    if(err){\n        done(err);\n        }\n    done();\n})",
          "err": {},
          "uuid": "e6a8c5c0-4435-4c63-acca-36e954867c09",
          "parentUUID": "08cd7489-5788-4ec8-9d14-f67719972b44",
          "isHook": false,
          "skipped": false
        },
        {
          "title": "Verify the 'PUT' response data for '/pet' route",
          "fullTitle": "Verify the 'PUT' response data for '/pet' route",
          "timedOut": false,
          "duration": 332,
          "state": "passed",
          "speed": "slow",
          "pass": true,
          "fail": false,
          "pending": false,
          "context": null,
          "code": "chai.request(baseURL)\n.put(`/pet`)\n.send(postData.editPet)\n.end(function(err,res){\n    expect(res.body).to.have.property('id');\n    expect(res.body).to.have.property('category');\n    expect(res.body).to.have.property('name');\n    expect(res.body).to.have.property('photoUrls');\n    expect(res.body).to.have.property('status');\n       if(err){\n           done(err);\n           }\n       done();\n   })",
          "err": {},
          "uuid": "c4497b51-7636-42ef-b5db-461fe786cc85",
          "parentUUID": "08cd7489-5788-4ec8-9d14-f67719972b44",
          "isHook": false,
          "skipped": false
        },
        {
          "title": "Verify the 'Push' response type for '/pet/' route",
          "fullTitle": "Verify the 'Push' response type for '/pet/' route",
          "timedOut": false,
          "duration": 337,
          "state": "failed",
          "speed": null,
          "pass": false,
          "fail": true,
          "pending": false,
          "context": null,
          "code": "chai.request(baseURL)\n.put(`/pet`)\n                   .send(postData.editPet)\n.end(function(err,res){\n    expect(res.body.id).to.be.a('integer');\n    expect(res.body.category).to.be.a('object');\n    expect(res.body.name).to.be.a('string');\n    expect(res.body.photoUrls).to.be.a('array');\n    expect(res.body.tags).to.be.a('array');\n    expect(res.body.status).to.be.a('string');\n       if(err){\n           done(err);\n           }\n       done();\n   })",
          "err": {
            "message": "AssertionError: expected 90 to be an integer",
            "estack": "AssertionError: expected 90 to be an integer\n    at /Users/rajnishparmar/Documents/corti_api_test_task/api_test/test.js:216:51\n    at Request.callback (node_modules/superagent/lib/node/index.js:716:12)\n    at /Users/rajnishparmar/Documents/corti_api_test_task/api_test/node_modules/superagent/lib/node/index.js:916:18\n    at IncomingMessage.<anonymous> (node_modules/superagent/lib/node/parsers/json.js:19:7)\n    at IncomingMessage.emit (node:events:530:35)\n    at endReadableNT (node:internal/streams/readable:1698:12)\n    at process.processTicksAndRejections (node:internal/process/task_queues:90:21)",
            "diff": null
          },
          "uuid": "70cd2881-c489-4990-9178-1b17fd4ad430",
          "parentUUID": "08cd7489-5788-4ec8-9d14-f67719972b44",
          "isHook": false,
          "skipped": false
        }
      ],
      "suites": [
        {
          "uuid": "e9b6d229-56ca-4d8b-a704-e8d93b8ca18b",
          "title": "API tests for pet management ",
          "fullFile": "/Users/rajnishparmar/Documents/corti_api_test_task/api_test/test.js",
          "file": "/test.js",
          "beforeHooks": [],
          "afterHooks": [],
          "tests": [
            {
              "title": "Verify the 'POST' response payload follows json schema for '/pet' route",
              "fullTitle": "API tests for pet management  Verify the 'POST' response payload follows json schema for '/pet' route",
              "timedOut": false,
              "duration": 333,
              "state": "passed",
              "speed": "slow",
              "pass": true,
              "fail": false,
              "pending": false,
              "context": null,
              "code": "chai.request(baseURL)\n.post('/pet')\n.send(postData.createPet)\n.end(function(err,res){\n pet_id = res.body.id\n  console.log(res.body)\n expect(res).to.be.jsonSchema(dataSchema.createPet.paths[\"/pet\"]);\n    if(err){\n        done(err);\n        }\n    done();\n})",
              "err": {},
              "uuid": "394dd7b9-0027-421c-8300-ed1acd45c90a",
              "parentUUID": "e9b6d229-56ca-4d8b-a704-e8d93b8ca18b",
              "isHook": false,
              "skipped": false
            }
          ],
          "suites": [],
          "passes": [
            "394dd7b9-0027-421c-8300-ed1acd45c90a"
          ],
          "failures": [],
          "pending": [],
          "skipped": [],
          "duration": 333,
          "root": false,
          "rootEmpty": false,
          "_timeout": 2000
        }
      ],
      "passes": [
        "d01af9e6-45eb-4cd4-a9c4-481d4dc2d2ab",
        "199a5a9e-c5ba-4bae-aa26-ceeb2031a514",
        "30c4b82e-c250-4f8c-aa12-fcc6c4b64a2d",
        "f17d5827-5564-4ffa-a95f-62c365eaf1b5",
        "b70fbe75-067f-4735-9af7-9f96d184f4d6",
        "89a311e6-92e0-42b3-a6af-25b26e4dc9b2",
        "64c0c0eb-04ad-43bb-a189-87c2b2ee18c6",
        "e6a8c5c0-4435-4c63-acca-36e954867c09",
        "c4497b51-7636-42ef-b5db-461fe786cc85"
      ],
      "failures": [
        "cdd208c9-e6ed-42af-8183-5f1dc8effd07",
        "7d74f269-2f57-4253-a168-c27491c6f7a0",
        "99fe87ea-7b68-4f2b-9127-78d9eed2de22",
        "70cd2881-c489-4990-9178-1b17fd4ad430"
      ],
      "pending": [],
      "skipped": [],
      "duration": 4243,
      "root": true,
      "rootEmpty": false,
      "_timeout": 2000
    }
  ],
  "meta": {
    "mocha": {
      "version": "8.4.0"
    },
    "mochawesome": {
      "options": {
        "quiet": false,
        "reportFilename": "mochawesome",
        "saveHtml": true,
        "saveJson": true,
        "consoleReporter": "spec",
        "useInlineDiffs": false,
        "code": true
      },
      "version": "7.1.3"
    },
    "marge": {
      "options": null,
      "version": "6.2.0"
    }
  }
}